<?xml version="1.0" encoding="UTF-8"?>
<testng-results ignored="0" total="1" passed="1" failed="0" skipped="0">
  <reporter-output>
  </reporter-output>
  <suite started-at="2023-11-11T04:49:01Z" name="PositiveLogInTestSuite" finished-at="2023-11-11T04:49:13Z" duration-ms="12399">
    <groups>
    </groups>
    <test started-at="2023-11-11T04:49:01Z" name="PositiveLogInTest" finished-at="2023-11-11T04:49:13Z" duration-ms="12399">
      <class name="com.herokuapp.theinternet.loginpagetests.PositiveLogInTests">
        <test-method is-config="true" signature="setUp(java.lang.String, org.testng.ITestContext)[pri:0, instance:com.herokuapp.theinternet.loginpagetests.PositiveLogInTests@683dbc2c]" started-at="2023-11-11T04:49:01Z" name="setUp" finished-at="2023-11-11T04:49:06Z" duration-ms="5285" status="PASS">
          <params>
            <param index="0">
              <value>
                <![CDATA[chrome]]>
              </value>
            </param>
            <param index="1">
              <value>
                <![CDATA[org.testng.TestRunner@6d9fb2d1]]>
              </value>
            </param>
          </params>
          <reporter-output>
          </reporter-output>
        </test-method> <!-- setUp -->
        <test-method signature="logInTest()[pri:0, instance:com.herokuapp.theinternet.loginpagetests.PositiveLogInTests@683dbc2c]" started-at="2023-11-11T04:49:06Z" name="logInTest" finished-at="2023-11-11T04:49:13Z" duration-ms="6926" status="PASS">
          <reporter-output>
          </reporter-output>
        </test-method> <!-- logInTest -->
        <test-method is-config="true" signature="tearDown()[pri:0, instance:com.herokuapp.theinternet.loginpagetests.PositiveLogInTests@683dbc2c]" started-at="2023-11-11T04:49:13Z" name="tearDown" finished-at="2023-11-11T04:49:13Z" duration-ms="163" status="PASS">
          <reporter-output>
          </reporter-output>
        </test-method> <!-- tearDown -->
      </class> <!-- com.herokuapp.theinternet.loginpagetests.PositiveLogInTests -->
    </test> <!-- PositiveLogInTest -->
  </suite> <!-- PositiveLogInTestSuite -->
</testng-results>
